{"name": "Verify that we are open a page by using selenium", "status": "failed", "statusDetails": {"message": "AssertionError: assert 'TheTestingAc...ation Testing' == 'ABC'\n  \n  \u001b[0m\u001b[91m- ABC\u001b[39;49;00m\u001b[90m\u001b[39;49;00m\n  \u001b[92m+ TheTestingAcademy | Learn Software Testing and Automation Testing\u001b[39;49;00m\u001b[90m\u001b[39;49;00m", "trace": "@allure.title(\"Verify that we are open a page by using selenium\")\n    @allure.description(\"We will open a page and Verify that we are open a page by using selenium\")\n    def test_first_tc():\n        driver = webdriver.Chrome()\n        driver.get(\"http://thetestingacademy.com\")\n        print(driver.title)\n>       assert driver.title == \"ABC\"\nE       AssertionError: assert 'TheTestingAc...ation Testing' == 'ABC'\nE         \nE         \u001b[0m\u001b[91m- ABC\u001b[39;49;00m\u001b[90m\u001b[39;49;00m\nE         \u001b[92m+ TheTestingAcademy | Learn Software Testing and Automation Testing\u001b[39;49;00m\u001b[90m\u001b[39;49;00m\n\nSrc/ex_01_Selenium_Basics/test_Selenium_01.py:12: AssertionError"}, "description": "We will open a page and Verify that we are open a page by using selenium", "attachments": [{"name": "stdout", "source": "8aa9d016-5e01-4e44-8598-62cd5c6e82f4-attachment.txt", "type": "text/plain"}], "start": 1767366920572, "stop": 1767366946381, "uuid": "9b54b9b3-1547-4e6d-a2a2-6e2971e18605", "historyId": "eb373adb961ced99140dce054d6c9f7c", "testCaseId": "eb373adb961ced99140dce054d6c9f7c", "fullName": "Src.ex_01_Selenium_Basics.test_Selenium_01#test_first_tc", "labels": [{"name": "parentSuite", "value": "Src.ex_01_Selenium_Basics"}, {"name": "suite", "value": "test_Selenium_01"}, {"name": "host", "value": "Prashants-MacBook-Pro.local"}, {"name": "thread", "value": "22938-MainThread"}, {"name": "framework", "value": "pytest"}, {"name": "language", "value": "cpython3"}, {"name": "package", "value": "Src.ex_01_Selenium_Basics.test_Selenium_01"}], "titlePath": ["Src", "ex_01_Selenium_Basics", "test_Selenium_01.py"]}